[18:08:49] Submitting job for optimization index 1...
# Setting queue to: p2
# Set walltime to default (3600 s).
OAR_JOB_ID=1209159
[18:08:49] Submitting job for optimization index 2...
# Setting queue to: p2
# Set walltime to default (3600 s).
OAR_JOB_ID=1209160
[18:08:50] Submitting job for optimization index 3...
# Setting queue to: p2
# Set walltime to default (3600 s).
OAR_JOB_ID=1209161
[18:08:50] Submitting job for optimization index 4...
# Setting queue to: p2
# Set walltime to default (3600 s).
OAR_JOB_ID=1209162
[18:08:51] Submitting job for optimization index 5...
# Setting queue to: p2
# Set walltime to default (3600 s).
OAR_JOB_ID=1209163
[18:08:51] Submitting job for optimization index 6...
# Setting queue to: p2
# Set walltime to default (3600 s).
OAR_JOB_ID=1209164
[18:08:52] Submitting job for optimization index 7...
# Setting queue to: p2
# Set walltime to default (3600 s).
OAR_JOB_ID=1209165
[18:08:52] Submitting job for optimization index 8...
# Setting queue to: p2
# Set walltime to default (3600 s).
OAR_JOB_ID=1209166
[18:08:53] Submitting job for optimization index 9...
# Setting queue to: p2
# Set walltime to default (3600 s).
OAR_JOB_ID=1209167
[18:08:53] Submitting job for optimization index 10...
# Setting queue to: p2
# Set walltime to default (3600 s).
OAR_JOB_ID=1209168
[18:08:53] Submitting job for optimization index 11...
# Setting queue to: p2
# Set walltime to default (3600 s).
OAR_JOB_ID=1209169
[18:08:54] Submitting job for optimization index 12...
# Setting queue to: p2
# Set walltime to default (3600 s).
OAR_JOB_ID=1209170
[18:08:54] Submitting job for optimization index 13...
# Setting queue to: p2
# Set walltime to default (3600 s).
OAR_JOB_ID=1209171
[18:08:55] Submitting job for optimization index 14...
# Setting queue to: p2
# Set walltime to default (3600 s).
OAR_JOB_ID=1209172
[18:08:55] Submitting job for optimization index 15...
# Setting queue to: p2
# Set walltime to default (3600 s).
OAR_JOB_ID=1209173
[18:08:56] Submitting job for optimization index 16...
# Setting queue to: p2
# Set walltime to default (3600 s).
OAR_JOB_ID=1209174
[18:08:56] Submitting job for optimization index 17...
# Setting queue to: p2
# Set walltime to default (3600 s).
OAR_JOB_ID=1209175
[18:08:57] Submitting job for optimization index 18...
# Setting queue to: p2
# Set walltime to default (3600 s).
OAR_JOB_ID=1209176
[18:08:57] Submitting job for optimization index 19...
# Setting queue to: p2
# Set walltime to default (3600 s).
OAR_JOB_ID=1209177
[18:08:58] Submitting job for optimization index 20...
# Setting queue to: p2
# Set walltime to default (3600 s).
OAR_JOB_ID=1209178
[18:08:58] Submitting job for optimization index 21...
# Setting queue to: p2
# Set walltime to default (3600 s).
OAR_JOB_ID=1209179
[18:08:59] Submitting job for optimization index 22...
# Setting queue to: p2
# Set walltime to default (3600 s).
OAR_JOB_ID=1209180
[18:08:59] Submitting job for optimization index 23...
# Setting queue to: p2
# Set walltime to default (3600 s).
OAR_JOB_ID=1209181
[18:09:00] Submitting job for optimization index 24...
# Setting queue to: p2
# Set walltime to default (3600 s).
OAR_JOB_ID=1209182
[18:09:00] Submitting job for optimization index 25...
# Setting queue to: p2
# Set walltime to default (3600 s).
OAR_JOB_ID=1209183
[18:09:00] Submitting job for optimization index 26...
# Setting queue to: p2
# Set walltime to default (3600 s).
OAR_JOB_ID=1209184
[18:09:01] Submitting job for optimization index 27...
# Setting queue to: p2
# Set walltime to default (3600 s).
OAR_JOB_ID=1209185
[18:09:01] Submitting job for optimization index 28...
# Setting queue to: p2
# Set walltime to default (3600 s).
OAR_JOB_ID=1209186
[18:09:02] Submitting job for optimization index 29...
# Setting queue to: p2
# Set walltime to default (3600 s).
OAR_JOB_ID=1209187
[18:09:02] Submitting job for optimization index 30...
# Setting queue to: p2
# Set walltime to default (3600 s).
OAR_JOB_ID=1209188
[18:09:02] Submitting job for optimization index 31...
# Setting queue to: p2
# Set walltime to default (3600 s).
OAR_JOB_ID=1209189
[18:09:03] Submitting job for optimization index 32...
# Setting queue to: p2
# Set walltime to default (3600 s).
OAR_JOB_ID=1209190
[18:09:03] Submitting job for optimization index 33...
# Setting queue to: p2
# Set walltime to default (3600 s).
OAR_JOB_ID=1209191
[18:09:04] Submitting job for optimization index 34...
# Setting queue to: p2
# Set walltime to default (3600 s).
OAR_JOB_ID=1209192
[18:09:04] Submitting job for optimization index 35...
# Setting queue to: p2
# Set walltime to default (3600 s).
OAR_JOB_ID=1209193
[18:09:04] Submitting job for optimization index 36...
# Setting queue to: p2
# Set walltime to default (3600 s).
OAR_JOB_ID=1209194
[18:09:05] Submitting job for optimization index 37...
# Setting queue to: p2
# Set walltime to default (3600 s).
OAR_JOB_ID=1209195
[18:09:05] Submitting job for optimization index 38...
# Setting queue to: p2
# Set walltime to default (3600 s).
OAR_JOB_ID=1209196
[18:09:06] Submitting job for optimization index 39...
# Setting queue to: p2
# Set walltime to default (3600 s).
OAR_JOB_ID=1209197
[18:09:06] Submitting job for optimization index 40...
# Setting queue to: p2
# Set walltime to default (3600 s).
OAR_JOB_ID=1209198
[18:09:07] Submitting job for optimization index 41...
# Setting queue to: p2
# Set walltime to default (3600 s).
OAR_JOB_ID=1209199
[18:09:07] Submitting job for optimization index 42...
# Setting queue to: p2
# Set walltime to default (3600 s).
OAR_JOB_ID=1209200
[18:09:07] Submitting job for optimization index 43...
# Setting queue to: p2
# Set walltime to default (3600 s).
OAR_JOB_ID=1209201
[18:09:08] Submitting job for optimization index 44...
# Setting queue to: p2
# Set walltime to default (3600 s).
OAR_JOB_ID=1209202
[18:09:08] Submitting job for optimization index 45...
# Setting queue to: p2
# Set walltime to default (3600 s).
OAR_JOB_ID=1209203
[18:09:09] Submitting job for optimization index 46...
# Setting queue to: p2
# Set walltime to default (3600 s).
OAR_JOB_ID=1209204
[18:09:09] Submitting job for optimization index 47...
# Setting queue to: p2
# Set walltime to default (3600 s).
OAR_JOB_ID=1209205
[18:09:10] Submitting job for optimization index 48...
# Setting queue to: p2
# Set walltime to default (3600 s).
OAR_JOB_ID=1209206
[18:09:10] Submitting job for optimization index 49...
# Setting queue to: p2
# Set walltime to default (3600 s).
OAR_JOB_ID=1209207
[18:09:11] Submitting job for optimization index 50...
# Setting queue to: p2
# Set walltime to default (3600 s).
OAR_JOB_ID=1209208
[18:09:11] Submitting job for optimization index 51...
# Setting queue to: p2
# Set walltime to default (3600 s).
OAR_JOB_ID=1209209
[18:09:12] Submitting job for optimization index 52...
# Setting queue to: p2
# Set walltime to default (3600 s).
OAR_JOB_ID=1209210
[18:09:12] Submitting job for optimization index 53...
# Setting queue to: p2
# Set walltime to default (3600 s).
OAR_JOB_ID=1209211
[18:09:12] Submitting job for optimization index 54...
# Setting queue to: p2
# Set walltime to default (3600 s).
OAR_JOB_ID=1209212
[18:09:13] Submitting job for optimization index 55...
# Setting queue to: p2
# Set walltime to default (3600 s).
OAR_JOB_ID=1209213
[18:09:14] Submitting job for optimization index 56...
# Setting queue to: p2
# Set walltime to default (3600 s).
OAR_JOB_ID=1209214
[18:09:14] Submitting job for optimization index 57...
# Setting queue to: p2
# Set walltime to default (3600 s).
OAR_JOB_ID=1209215
[18:09:14] Submitting job for optimization index 58...
# Setting queue to: p2
# Set walltime to default (3600 s).
OAR_JOB_ID=1209216
[18:09:15] Submitting job for optimization index 59...
# Setting queue to: p2
# Set walltime to default (3600 s).
OAR_JOB_ID=1209217
[18:09:15] Submitting job for optimization index 60...
# Setting queue to: p2
# Set walltime to default (3600 s).
OAR_JOB_ID=1209218
[18:09:16] Submitting job for optimization index 61...
# Setting queue to: p2
# Set walltime to default (3600 s).
OAR_JOB_ID=1209219
[18:09:16] Submitting job for optimization index 62...
# Setting queue to: p2
# Set walltime to default (3600 s).
OAR_JOB_ID=1209220
[18:09:16] Submitting job for optimization index 63...
# Setting queue to: p2
# Set walltime to default (3600 s).
OAR_JOB_ID=1209221
[18:09:17] Submitting job for optimization index 64...
# Setting queue to: p2
# Set walltime to default (3600 s).
OAR_JOB_ID=1209222
[18:09:17] Submitting job for optimization index 65...
# Setting queue to: p2
# Set walltime to default (3600 s).
OAR_JOB_ID=1209223
[18:09:18] Submitting job for optimization index 66...
# Setting queue to: p2
# Set walltime to default (3600 s).
OAR_JOB_ID=1209224
[18:09:18] Submitting job for optimization index 67...
# Setting queue to: p2
# Set walltime to default (3600 s).
OAR_JOB_ID=1209225
[18:09:19] Submitting job for optimization index 68...
# Setting queue to: p2
# Set walltime to default (3600 s).
OAR_JOB_ID=1209226
[18:09:19] Submitting job for optimization index 69...
# Setting queue to: p2
# Set walltime to default (3600 s).
OAR_JOB_ID=1209227
[18:09:20] Submitting job for optimization index 70...
# Setting queue to: p2
# Set walltime to default (3600 s).
OAR_JOB_ID=1209228
[18:09:20] Submitting job for optimization index 71...
# Setting queue to: p2
# Set walltime to default (3600 s).
OAR_JOB_ID=1209229
[18:09:20] Submitting job for optimization index 72...
# Setting queue to: p2
# Set walltime to default (3600 s).
OAR_JOB_ID=1209230
[18:09:21] Submitting job for optimization index 73...
# Setting queue to: p2
# Set walltime to default (3600 s).
OAR_JOB_ID=1209231
[18:09:21] Submitting job for optimization index 74...
# Setting queue to: p2
# Set walltime to default (3600 s).
OAR_JOB_ID=1209232
[18:09:22] Submitting job for optimization index 75...
# Setting queue to: p2
# Set walltime to default (3600 s).
OAR_JOB_ID=1209233
[18:09:22] Submitting job for optimization index 76...
# Setting queue to: p2
# Set walltime to default (3600 s).
OAR_JOB_ID=1209234
[18:09:22] Submitting job for optimization index 77...
# Setting queue to: p2
# Set walltime to default (3600 s).
OAR_JOB_ID=1209235
[18:09:23] Submitting job for optimization index 78...
# Setting queue to: p2
# Set walltime to default (3600 s).
OAR_JOB_ID=1209236
[18:09:23] Submitting job for optimization index 79...
# Setting queue to: p2
# Set walltime to default (3600 s).
OAR_JOB_ID=1209237
[18:09:24] Submitting job for optimization index 80...
# Setting queue to: p2
# Set walltime to default (3600 s).
OAR_JOB_ID=1209238
[18:09:24] Submitting job for optimization index 81...
# Setting queue to: p2
# Set walltime to default (3600 s).
OAR_JOB_ID=1209239
[18:09:25] Submitting job for optimization index 82...
# Setting queue to: p2
# Set walltime to default (3600 s).
OAR_JOB_ID=1209240
[18:09:25] Submitting job for optimization index 83...
# Setting queue to: p2
# Set walltime to default (3600 s).
OAR_JOB_ID=1209241
[18:09:26] Submitting job for optimization index 84...
# Setting queue to: p2
# Set walltime to default (3600 s).
OAR_JOB_ID=1209242
[18:09:26] Submitting job for optimization index 85...
# Setting queue to: p2
# Set walltime to default (3600 s).
OAR_JOB_ID=1209243
[18:09:26] Submitting job for optimization index 86...
# Setting queue to: p2
# Set walltime to default (3600 s).
OAR_JOB_ID=1209244
[18:09:27] Submitting job for optimization index 87...
# Setting queue to: p2
# Set walltime to default (3600 s).
OAR_JOB_ID=1209245
[18:09:27] Submitting job for optimization index 88...
# Setting queue to: p2
# Set walltime to default (3600 s).
OAR_JOB_ID=1209246
[18:09:28] Submitting job for optimization index 89...
# Setting queue to: p2
# Set walltime to default (3600 s).
OAR_JOB_ID=1209247
[18:09:28] Submitting job for optimization index 90...
# Setting queue to: p2
# Set walltime to default (3600 s).
OAR_JOB_ID=1209248
[18:09:29] Submitting job for optimization index 91...
# Setting queue to: p2
# Set walltime to default (3600 s).
OAR_JOB_ID=1209249
[18:09:29] Submitting job for optimization index 92...
# Setting queue to: p2
# Set walltime to default (3600 s).
OAR_JOB_ID=1209250
[18:09:29] Submitting job for optimization index 93...
# Setting queue to: p2
# Set walltime to default (3600 s).
OAR_JOB_ID=1209251
[18:09:30] Submitting job for optimization index 94...
# Setting queue to: p2
# Set walltime to default (3600 s).
OAR_JOB_ID=1209252
[18:09:30] Submitting job for optimization index 95...
# Setting queue to: p2
# Set walltime to default (3600 s).
OAR_JOB_ID=1209253
[18:09:31] Submitting job for optimization index 96...
# Setting queue to: p2
# Set walltime to default (3600 s).
OAR_JOB_ID=1209254
[18:09:31] Submitting job for optimization index 97...
# Setting queue to: p2
# Set walltime to default (3600 s).
OAR_JOB_ID=1209255
[18:09:32] Submitting job for optimization index 98...
# Setting queue to: p2
# Set walltime to default (3600 s).
OAR_JOB_ID=1209256
[18:09:32] Submitting job for optimization index 99...
# Setting queue to: p2
# Set walltime to default (3600 s).
OAR_JOB_ID=1209257
[18:09:32] Submitting job for optimization index 100...
# Setting queue to: p2
# Set walltime to default (3600 s).
OAR_JOB_ID=1209258
[18:09:33] Sleeping for a while to let jobs clear from the queue.
[18:14:33] Submitting job for optimization index 101...
# Setting queue to: p2
# Set walltime to default (3600 s).
OAR_JOB_ID=1209420
[18:14:33] Submitting job for optimization index 102...
# Setting queue to: p2
# Set walltime to default (3600 s).
OAR_JOB_ID=1209421
[18:14:34] Submitting job for optimization index 103...
# Setting queue to: p2
# Set walltime to default (3600 s).
OAR_JOB_ID=1209422
[18:14:34] Submitting job for optimization index 104...
# Setting queue to: p2
# Set walltime to default (3600 s).
OAR_JOB_ID=1209423
[18:14:35] Submitting job for optimization index 105...
# Setting queue to: p2
# Set walltime to default (3600 s).
OAR_JOB_ID=1209424
[18:14:35] Submitting job for optimization index 106...
# Setting queue to: p2
# Set walltime to default (3600 s).
OAR_JOB_ID=1209425
[18:14:35] Submitting job for optimization index 107...
# Setting queue to: p2
# Set walltime to default (3600 s).
OAR_JOB_ID=1209426
[18:14:36] Submitting job for optimization index 108...
# Setting queue to: p2
# Set walltime to default (3600 s).
OAR_JOB_ID=1209427
[18:14:36] Submitting job for optimization index 109...
# Setting queue to: p2
# Set walltime to default (3600 s).
OAR_JOB_ID=1209428
[18:14:37] Submitting job for optimization index 110...
# Setting queue to: p2
# Set walltime to default (3600 s).
OAR_JOB_ID=1209429
[18:14:37] Submitting job for optimization index 111...
# Setting queue to: p2
# Set walltime to default (3600 s).
OAR_JOB_ID=1209430
[18:14:37] Submitting job for optimization index 112...
# Setting queue to: p2
# Set walltime to default (3600 s).
OAR_JOB_ID=1209431
[18:14:38] Submitting job for optimization index 113...
# Setting queue to: p2
# Set walltime to default (3600 s).
OAR_JOB_ID=1209432
[18:14:38] Submitting job for optimization index 114...
# Setting queue to: p2
# Set walltime to default (3600 s).
OAR_JOB_ID=1209433
[18:14:39] Submitting job for optimization index 115...
# Setting queue to: p2
# Set walltime to default (3600 s).
OAR_JOB_ID=1209434
[18:14:39] Submitting job for optimization index 116...
# Setting queue to: p2
# Set walltime to default (3600 s).
OAR_JOB_ID=1209435
[18:14:39] Submitting job for optimization index 117...
# Setting queue to: p2
# Set walltime to default (3600 s).
OAR_JOB_ID=1209436
[18:14:40] Submitting job for optimization index 118...
# Setting queue to: p2
# Set walltime to default (3600 s).
OAR_JOB_ID=1209437
[18:14:40] Submitting job for optimization index 119...
# Setting queue to: p2
# Set walltime to default (3600 s).
OAR_JOB_ID=1209438
[18:14:40] Submitting job for optimization index 120...
# Setting queue to: p2
# Set walltime to default (3600 s).
OAR_JOB_ID=1209439
[18:14:41] Submitting job for optimization index 121...
# Setting queue to: p2
# Set walltime to default (3600 s).
OAR_JOB_ID=1209440
[18:14:41] Submitting job for optimization index 122...
# Setting queue to: p2
# Set walltime to default (3600 s).
OAR_JOB_ID=1209441
[18:14:42] Submitting job for optimization index 123...
# Setting queue to: p2
# Set walltime to default (3600 s).
OAR_JOB_ID=1209442
[18:14:42] Submitting job for optimization index 124...
# Setting queue to: p2
# Set walltime to default (3600 s).
OAR_JOB_ID=1209443
[18:14:43] Submitting job for optimization index 125...
# Setting queue to: p2
# Set walltime to default (3600 s).
OAR_JOB_ID=1209444
[18:14:43] Submitting job for optimization index 126...
# Setting queue to: p2
# Set walltime to default (3600 s).
OAR_JOB_ID=1209445
[18:14:43] Submitting job for optimization index 127...
# Setting queue to: p2
# Set walltime to default (3600 s).
OAR_JOB_ID=1209446
[18:14:44] Submitting job for optimization index 128...
# Setting queue to: p2
# Set walltime to default (3600 s).
OAR_JOB_ID=1209447
[18:14:44] Submitting job for optimization index 129...
# Setting queue to: p2
# Set walltime to default (3600 s).
OAR_JOB_ID=1209448
[18:14:45] Submitting job for optimization index 130...
# Setting queue to: p2
# Set walltime to default (3600 s).
OAR_JOB_ID=1209449
[18:14:45] Submitting job for optimization index 131...
# Setting queue to: p2
# Set walltime to default (3600 s).
OAR_JOB_ID=1209450
[18:14:46] Submitting job for optimization index 132...
# Setting queue to: p2
# Set walltime to default (3600 s).
OAR_JOB_ID=1209451
[18:14:46] Submitting job for optimization index 133...
# Setting queue to: p2
# Set walltime to default (3600 s).
OAR_JOB_ID=1209452
[18:14:47] Submitting job for optimization index 134...
# Setting queue to: p2
# Set walltime to default (3600 s).
OAR_JOB_ID=1209453
[18:14:47] Submitting job for optimization index 135...
# Setting queue to: p2
# Set walltime to default (3600 s).
OAR_JOB_ID=1209454
[18:14:47] Submitting job for optimization index 136...
# Setting queue to: p2
# Set walltime to default (3600 s).
OAR_JOB_ID=1209455
[18:14:48] Submitting job for optimization index 137...
# Setting queue to: p2
# Set walltime to default (3600 s).
OAR_JOB_ID=1209456
[18:14:48] Submitting job for optimization index 138...
# Setting queue to: p2
# Set walltime to default (3600 s).
OAR_JOB_ID=1209457
[18:14:49] Submitting job for optimization index 139...
# Setting queue to: p2
# Set walltime to default (3600 s).
OAR_JOB_ID=1209458
[18:14:49] Submitting job for optimization index 140...
# Setting queue to: p2
# Set walltime to default (3600 s).
OAR_JOB_ID=1209459
[18:14:49] Submitting job for optimization index 141...
# Setting queue to: p2
# Set walltime to default (3600 s).
OAR_JOB_ID=1209460
[18:14:50] Submitting job for optimization index 142...
# Setting queue to: p2
# Set walltime to default (3600 s).
OAR_JOB_ID=1209461
[18:14:50] Submitting job for optimization index 143...
# Setting queue to: p2
# Set walltime to default (3600 s).
# Error: you cannot have more than 200 jobs waiting in the queue at the same time.

[18:14:50] Submitting job for optimization index 144...
# Setting queue to: p2
# Set walltime to default (3600 s).
# Error: you cannot have more than 200 jobs waiting in the queue at the same time.

[18:14:51] Submitting job for optimization index 145...
# Setting queue to: p2
# Set walltime to default (3600 s).
# Error: you cannot have more than 200 jobs waiting in the queue at the same time.

[18:14:51] Submitting job for optimization index 146...
# Setting queue to: p2
# Set walltime to default (3600 s).
OAR_JOB_ID=1209462
[18:14:52] Submitting job for optimization index 147...
# Setting queue to: p2
# Set walltime to default (3600 s).
OAR_JOB_ID=1209463
[18:14:52] Submitting job for optimization index 148...
# Setting queue to: p2
# Set walltime to default (3600 s).
OAR_JOB_ID=1209464
[18:14:52] Submitting job for optimization index 149...
# Setting queue to: p2
# Set walltime to default (3600 s).
# Error: you cannot have more than 200 jobs waiting in the queue at the same time.

[18:14:53] Submitting job for optimization index 150...
# Setting queue to: p2
# Set walltime to default (3600 s).
# Error: you cannot have more than 200 jobs waiting in the queue at the same time.

[18:14:53] Submitting job for optimization index 151...
# Setting queue to: p2
# Set walltime to default (3600 s).
# Error: you cannot have more than 200 jobs waiting in the queue at the same time.

[18:14:53] Submitting job for optimization index 152...
# Setting queue to: p2
# Set walltime to default (3600 s).
# Error: you cannot have more than 200 jobs waiting in the queue at the same time.

[18:14:54] Submitting job for optimization index 153...
# Setting queue to: p2
# Set walltime to default (3600 s).
# Error: you cannot have more than 200 jobs waiting in the queue at the same time.

[18:14:54] Submitting job for optimization index 154...
# Setting queue to: p2
# Set walltime to default (3600 s).
# Error: you cannot have more than 200 jobs waiting in the queue at the same time.

[18:14:54] Submitting job for optimization index 155...
# Setting queue to: p2
# Set walltime to default (3600 s).
# Error: you cannot have more than 200 jobs waiting in the queue at the same time.

[18:14:55] Submitting job for optimization index 156...
# Setting queue to: p2
# Set walltime to default (3600 s).
# Error: you cannot have more than 200 jobs waiting in the queue at the same time.

[18:14:55] Submitting job for optimization index 157...
# Setting queue to: p2
# Set walltime to default (3600 s).
# Error: you cannot have more than 200 jobs waiting in the queue at the same time.

[18:14:55] Submitting job for optimization index 158...
# Setting queue to: p2
# Set walltime to default (3600 s).
# Error: you cannot have more than 200 jobs waiting in the queue at the same time.

[18:14:56] Submitting job for optimization index 159...
# Setting queue to: p2
# Set walltime to default (3600 s).
# Error: you cannot have more than 200 jobs waiting in the queue at the same time.

[18:14:56] Submitting job for optimization index 160...
# Setting queue to: p2
# Set walltime to default (3600 s).
# Error: you cannot have more than 200 jobs waiting in the queue at the same time.

[18:14:56] Submitting job for optimization index 161...
# Setting queue to: p2
# Set walltime to default (3600 s).
# Error: you cannot have more than 200 jobs waiting in the queue at the same time.

[18:14:57] Submitting job for optimization index 162...
# Setting queue to: p2
# Set walltime to default (3600 s).
# Error: you cannot have more than 200 jobs waiting in the queue at the same time.

[18:14:57] Submitting job for optimization index 163...
# Setting queue to: p2
# Set walltime to default (3600 s).
# Error: you cannot have more than 200 jobs waiting in the queue at the same time.

[18:14:57] Submitting job for optimization index 164...
# Setting queue to: p2
# Set walltime to default (3600 s).
# Error: you cannot have more than 200 jobs waiting in the queue at the same time.

[18:14:58] Submitting job for optimization index 165...
# Setting queue to: p2
# Set walltime to default (3600 s).
# Error: you cannot have more than 200 jobs waiting in the queue at the same time.

[18:14:58] Submitting job for optimization index 166...
# Setting queue to: p2
# Set walltime to default (3600 s).
# Error: you cannot have more than 200 jobs waiting in the queue at the same time.

[18:14:58] Submitting job for optimization index 167...
# Setting queue to: p2
# Set walltime to default (3600 s).
# Error: you cannot have more than 200 jobs waiting in the queue at the same time.

[18:14:59] Submitting job for optimization index 168...
# Setting queue to: p2
# Set walltime to default (3600 s).
# Error: you cannot have more than 200 jobs waiting in the queue at the same time.

[18:14:59] Submitting job for optimization index 169...
# Setting queue to: p2
# Set walltime to default (3600 s).
# Error: you cannot have more than 200 jobs waiting in the queue at the same time.

[18:14:59] Submitting job for optimization index 170...
# Setting queue to: p2
# Set walltime to default (3600 s).
# Error: you cannot have more than 200 jobs waiting in the queue at the same time.

[18:15:00] Submitting job for optimization index 171...
# Setting queue to: p2
# Set walltime to default (3600 s).
# Error: you cannot have more than 200 jobs waiting in the queue at the same time.

[18:15:00] Submitting job for optimization index 172...
# Setting queue to: p2
# Set walltime to default (3600 s).
# Error: you cannot have more than 200 jobs waiting in the queue at the same time.

[18:15:00] Submitting job for optimization index 173...
# Setting queue to: p2
# Set walltime to default (3600 s).
# Error: you cannot have more than 200 jobs waiting in the queue at the same time.

[18:15:01] Submitting job for optimization index 174...
# Setting queue to: p2
# Set walltime to default (3600 s).
# Error: you cannot have more than 200 jobs waiting in the queue at the same time.

[18:15:01] Submitting job for optimization index 175...
# Setting queue to: p2
# Set walltime to default (3600 s).
# Error: you cannot have more than 200 jobs waiting in the queue at the same time.

[18:15:01] Submitting job for optimization index 176...
# Setting queue to: p2
# Set walltime to default (3600 s).
# Error: you cannot have more than 200 jobs waiting in the queue at the same time.

[18:15:02] Submitting job for optimization index 177...
# Setting queue to: p2
# Set walltime to default (3600 s).
# Error: you cannot have more than 200 jobs waiting in the queue at the same time.

[18:15:02] Submitting job for optimization index 178...
# Setting queue to: p2
# Set walltime to default (3600 s).
# Error: you cannot have more than 200 jobs waiting in the queue at the same time.

[18:15:03] Submitting job for optimization index 179...
# Setting queue to: p2
# Set walltime to default (3600 s).
# Error: you cannot have more than 200 jobs waiting in the queue at the same time.

[18:15:03] Submitting job for optimization index 180...
# Setting queue to: p2
# Set walltime to default (3600 s).
# Error: you cannot have more than 200 jobs waiting in the queue at the same time.

[18:15:03] Submitting job for optimization index 181...
# Setting queue to: p2
# Set walltime to default (3600 s).
# Error: you cannot have more than 200 jobs waiting in the queue at the same time.

[18:15:04] Submitting job for optimization index 182...
# Setting queue to: p2
# Set walltime to default (3600 s).
# Error: you cannot have more than 200 jobs waiting in the queue at the same time.

[18:15:04] Submitting job for optimization index 183...
# Setting queue to: p2
# Set walltime to default (3600 s).
# Error: you cannot have more than 200 jobs waiting in the queue at the same time.

[18:15:04] Submitting job for optimization index 184...
# Setting queue to: p2
# Set walltime to default (3600 s).
# Error: you cannot have more than 200 jobs waiting in the queue at the same time.

[18:15:05] Submitting job for optimization index 185...
# Setting queue to: p2
# Set walltime to default (3600 s).
OAR_JOB_ID=1209465
[18:15:05] Submitting job for optimization index 186...
# Setting queue to: p2
# Set walltime to default (3600 s).
OAR_JOB_ID=1209466
[18:15:06] Submitting job for optimization index 187...
# Setting queue to: p2
# Set walltime to default (3600 s).
OAR_JOB_ID=1209467
[18:15:06] Submitting job for optimization index 188...
# Setting queue to: p2
# Set walltime to default (3600 s).
# Error: you cannot have more than 200 jobs waiting in the queue at the same time.

[18:15:07] Submitting job for optimization index 189...
# Setting queue to: p2
# Set walltime to default (3600 s).
# Error: you cannot have more than 200 jobs waiting in the queue at the same time.

[18:15:07] Submitting job for optimization index 190...
# Setting queue to: p2
# Set walltime to default (3600 s).
# Error: you cannot have more than 200 jobs waiting in the queue at the same time.

[18:15:07] Submitting job for optimization index 191...
# Setting queue to: p2
# Set walltime to default (3600 s).
# Error: you cannot have more than 200 jobs waiting in the queue at the same time.

[18:15:08] Submitting job for optimization index 192...
# Setting queue to: p2
# Set walltime to default (3600 s).
# Error: you cannot have more than 200 jobs waiting in the queue at the same time.

[18:15:08] Submitting job for optimization index 193...
# Setting queue to: p2
# Set walltime to default (3600 s).
# Error: you cannot have more than 200 jobs waiting in the queue at the same time.

[18:15:09] Submitting job for optimization index 194...
# Setting queue to: p2
# Set walltime to default (3600 s).
# Error: you cannot have more than 200 jobs waiting in the queue at the same time.

[18:15:09] Submitting job for optimization index 195...
# Setting queue to: p2
# Set walltime to default (3600 s).
# Error: you cannot have more than 200 jobs waiting in the queue at the same time.

[18:15:09] Submitting job for optimization index 196...
# Setting queue to: p2
# Set walltime to default (3600 s).
# Error: you cannot have more than 200 jobs waiting in the queue at the same time.

[18:15:10] Submitting job for optimization index 197...
# Setting queue to: p2
# Set walltime to default (3600 s).
# Error: you cannot have more than 200 jobs waiting in the queue at the same time.

[18:15:10] Submitting job for optimization index 198...
# Setting queue to: p2
# Set walltime to default (3600 s).
# Error: you cannot have more than 200 jobs waiting in the queue at the same time.

[18:15:11] Submitting job for optimization index 199...
# Setting queue to: p2
# Set walltime to default (3600 s).
# Error: you cannot have more than 200 jobs waiting in the queue at the same time.

[18:15:11] Submitting job for optimization index 200...
# Setting queue to: p2
# Set walltime to default (3600 s).
# Error: you cannot have more than 200 jobs waiting in the queue at the same time.

[18:15:11] Sleeping for a while to let jobs clear from the queue.
[18:20:11] Submitting job for optimization index 201...
# Setting queue to: p2
# Set walltime to default (3600 s).
OAR_JOB_ID=1209516
[18:20:12] Submitting job for optimization index 202...
# Setting queue to: p2
# Set walltime to default (3600 s).
OAR_JOB_ID=1209517
[18:20:12] Submitting job for optimization index 203...
# Setting queue to: p2
# Set walltime to default (3600 s).
OAR_JOB_ID=1209518
[18:20:12] Submitting job for optimization index 204...
# Setting queue to: p2
# Set walltime to default (3600 s).
OAR_JOB_ID=1209519
[18:20:13] Submitting job for optimization index 205...
# Setting queue to: p2
# Set walltime to default (3600 s).
OAR_JOB_ID=1209520
[18:20:13] Submitting job for optimization index 206...
# Setting queue to: p2
# Set walltime to default (3600 s).
OAR_JOB_ID=1209521
[18:20:14] Submitting job for optimization index 207...
# Setting queue to: p2
# Set walltime to default (3600 s).
OAR_JOB_ID=1209522
[18:20:14] Submitting job for optimization index 208...
# Setting queue to: p2
# Set walltime to default (3600 s).
OAR_JOB_ID=1209523
[18:20:14] Submitting job for optimization index 209...
# Setting queue to: p2
# Set walltime to default (3600 s).
OAR_JOB_ID=1209524
[18:20:15] Submitting job for optimization index 210...
# Setting queue to: p2
# Set walltime to default (3600 s).
OAR_JOB_ID=1209525
[18:20:15] Submitting job for optimization index 211...
# Setting queue to: p2
# Set walltime to default (3600 s).
OAR_JOB_ID=1209526
[18:20:16] Submitting job for optimization index 212...
# Setting queue to: p2
# Set walltime to default (3600 s).
OAR_JOB_ID=1209527
[18:20:16] Submitting job for optimization index 213...
# Setting queue to: p2
# Set walltime to default (3600 s).
OAR_JOB_ID=1209528
[18:20:16] Submitting job for optimization index 214...
# Setting queue to: p2
# Set walltime to default (3600 s).
OAR_JOB_ID=1209529
[18:20:17] Submitting job for optimization index 215...
# Setting queue to: p2
# Set walltime to default (3600 s).
OAR_JOB_ID=1209530
[18:20:17] Submitting job for optimization index 216...
# Setting queue to: p2
# Set walltime to default (3600 s).
OAR_JOB_ID=1209531
[18:20:18] Submitting job for optimization index 217...
# Setting queue to: p2
# Set walltime to default (3600 s).
OAR_JOB_ID=1209532
[18:20:18] Submitting job for optimization index 218...
# Setting queue to: p2
# Set walltime to default (3600 s).
OAR_JOB_ID=1209533
[18:20:18] Submitting job for optimization index 219...
# Setting queue to: p2
# Set walltime to default (3600 s).
OAR_JOB_ID=1209534
[18:20:19] Submitting job for optimization index 220...
# Setting queue to: p2
# Set walltime to default (3600 s).
OAR_JOB_ID=1209535
[18:20:19] Submitting job for optimization index 221...
# Setting queue to: p2
# Set walltime to default (3600 s).
OAR_JOB_ID=1209536
[18:20:19] Submitting job for optimization index 222...
# Setting queue to: p2
# Set walltime to default (3600 s).
OAR_JOB_ID=1209537
[18:20:20] Submitting job for optimization index 223...
# Setting queue to: p2
# Set walltime to default (3600 s).
OAR_JOB_ID=1209538
[18:20:20] Submitting job for optimization index 224...
# Setting queue to: p2
# Set walltime to default (3600 s).
OAR_JOB_ID=1209539
[18:20:20] Submitting job for optimization index 225...
# Setting queue to: p2
# Set walltime to default (3600 s).
OAR_JOB_ID=1209540
[18:20:21] Submitting job for optimization index 226...
# Setting queue to: p2
# Set walltime to default (3600 s).
OAR_JOB_ID=1209541
[18:20:21] Submitting job for optimization index 227...
# Setting queue to: p2
# Set walltime to default (3600 s).
OAR_JOB_ID=1209542
[18:20:22] Submitting job for optimization index 228...
# Setting queue to: p2
# Set walltime to default (3600 s).
OAR_JOB_ID=1209543
[18:20:22] Submitting job for optimization index 229...
# Setting queue to: p2
# Set walltime to default (3600 s).
OAR_JOB_ID=1209544
[18:20:22] Submitting job for optimization index 230...
# Setting queue to: p2
# Set walltime to default (3600 s).
OAR_JOB_ID=1209545
[18:20:23] Submitting job for optimization index 231...
# Setting queue to: p2
# Set walltime to default (3600 s).
OAR_JOB_ID=1209546
[18:20:23] Submitting job for optimization index 232...
# Setting queue to: p2
# Set walltime to default (3600 s).
OAR_JOB_ID=1209547
[18:20:24] Submitting job for optimization index 233...
# Setting queue to: p2
# Set walltime to default (3600 s).
OAR_JOB_ID=1209548
[18:20:24] Submitting job for optimization index 234...
# Setting queue to: p2
# Set walltime to default (3600 s).
OAR_JOB_ID=1209549
[18:20:24] Submitting job for optimization index 235...
# Setting queue to: p2
# Set walltime to default (3600 s).
OAR_JOB_ID=1209550
[18:20:25] Submitting job for optimization index 236...
# Setting queue to: p2
# Set walltime to default (3600 s).
OAR_JOB_ID=1209551
[18:20:25] Submitting job for optimization index 237...
# Setting queue to: p2
# Set walltime to default (3600 s).
OAR_JOB_ID=1209552
[18:20:26] Submitting job for optimization index 238...
# Setting queue to: p2
# Set walltime to default (3600 s).
OAR_JOB_ID=1209553
[18:20:26] Submitting job for optimization index 239...
# Setting queue to: p2
# Set walltime to default (3600 s).
OAR_JOB_ID=1209554
[18:20:26] Submitting job for optimization index 240...
# Setting queue to: p2
# Set walltime to default (3600 s).
OAR_JOB_ID=1209555
[18:20:27] Submitting job for optimization index 241...
# Setting queue to: p2
# Set walltime to default (3600 s).
OAR_JOB_ID=1209556
[18:20:27] Submitting job for optimization index 242...
# Setting queue to: p2
# Set walltime to default (3600 s).
OAR_JOB_ID=1209557
[18:20:27] Submitting job for optimization index 243...
# Setting queue to: p2
# Set walltime to default (3600 s).
OAR_JOB_ID=1209558
[18:20:28] Submitting job for optimization index 244...
# Setting queue to: p2
# Set walltime to default (3600 s).
OAR_JOB_ID=1209559
[18:20:28] Submitting job for optimization index 245...
# Setting queue to: p2
# Set walltime to default (3600 s).
OAR_JOB_ID=1209560
[18:20:29] Submitting job for optimization index 246...
# Setting queue to: p2
# Set walltime to default (3600 s).
OAR_JOB_ID=1209561
[18:20:29] Submitting job for optimization index 247...
# Setting queue to: p2
# Set walltime to default (3600 s).
# Error: you cannot have more than 200 jobs waiting in the queue at the same time.

[18:20:29] Submitting job for optimization index 248...
# Setting queue to: p2
# Set walltime to default (3600 s).
# Error: you cannot have more than 200 jobs waiting in the queue at the same time.

[18:20:30] Submitting job for optimization index 249...
# Setting queue to: p2
# Set walltime to default (3600 s).
# Error: you cannot have more than 200 jobs waiting in the queue at the same time.

[18:20:30] Submitting job for optimization index 250...
# Setting queue to: p2
# Set walltime to default (3600 s).
# Error: you cannot have more than 200 jobs waiting in the queue at the same time.

[18:20:30] Submitting job for optimization index 251...
# Setting queue to: p2
# Set walltime to default (3600 s).
# Error: you cannot have more than 200 jobs waiting in the queue at the same time.

[18:20:31] Submitting job for optimization index 252...
# Setting queue to: p2
# Set walltime to default (3600 s).
# Error: you cannot have more than 200 jobs waiting in the queue at the same time.

[18:20:31] Submitting job for optimization index 253...
# Setting queue to: p2
# Set walltime to default (3600 s).
# Error: you cannot have more than 200 jobs waiting in the queue at the same time.

[18:20:31] Submitting job for optimization index 254...
# Setting queue to: p2
# Set walltime to default (3600 s).
# Error: you cannot have more than 200 jobs waiting in the queue at the same time.

[18:20:32] Submitting job for optimization index 255...
# Setting queue to: p2
# Set walltime to default (3600 s).
# Error: you cannot have more than 200 jobs waiting in the queue at the same time.

[18:20:32] Submitting job for optimization index 256...
# Setting queue to: p2
# Set walltime to default (3600 s).
# Error: you cannot have more than 200 jobs waiting in the queue at the same time.

[18:20:32] Submitting job for optimization index 257...
# Setting queue to: p2
# Set walltime to default (3600 s).
OAR_JOB_ID=1209562
[18:20:33] Submitting job for optimization index 258...
# Setting queue to: p2
# Set walltime to default (3600 s).
# Error: you cannot have more than 200 jobs waiting in the queue at the same time.

[18:20:33] Submitting job for optimization index 259...
# Setting queue to: p2
# Set walltime to default (3600 s).
# Error: you cannot have more than 200 jobs waiting in the queue at the same time.

[18:20:33] Submitting job for optimization index 260...
# Setting queue to: p2
# Set walltime to default (3600 s).
# Error: you cannot have more than 200 jobs waiting in the queue at the same time.

[18:20:33] Submitting job for optimization index 261...
# Setting queue to: p2
# Set walltime to default (3600 s).
# Error: you cannot have more than 200 jobs waiting in the queue at the same time.

[18:20:34] Submitting job for optimization index 262...
# Setting queue to: p2
# Set walltime to default (3600 s).
# Error: you cannot have more than 200 jobs waiting in the queue at the same time.

[18:20:34] Submitting job for optimization index 263...
# Setting queue to: p2
# Set walltime to default (3600 s).
# Error: you cannot have more than 200 jobs waiting in the queue at the same time.

[18:20:34] Submitting job for optimization index 264...
# Setting queue to: p2
# Set walltime to default (3600 s).
OAR_JOB_ID=1209568
[18:20:35] Submitting job for optimization index 265...
# Setting queue to: p2
# Set walltime to default (3600 s).
# Error: you cannot have more than 200 jobs waiting in the queue at the same time.

[18:20:35] Submitting job for optimization index 266...
# Setting queue to: p2
# Set walltime to default (3600 s).
# Error: you cannot have more than 200 jobs waiting in the queue at the same time.

[18:20:35] Submitting job for optimization index 267...
# Setting queue to: p2
# Set walltime to default (3600 s).
# Error: you cannot have more than 200 jobs waiting in the queue at the same time.

[18:20:36] Submitting job for optimization index 268...
# Setting queue to: p2
# Set walltime to default (3600 s).
# Error: you cannot have more than 200 jobs waiting in the queue at the same time.

[18:20:36] Submitting job for optimization index 269...
# Setting queue to: p2
# Set walltime to default (3600 s).
# Error: you cannot have more than 200 jobs waiting in the queue at the same time.

[18:20:36] Submitting job for optimization index 270...
# Setting queue to: p2
# Set walltime to default (3600 s).
# Error: you cannot have more than 200 jobs waiting in the queue at the same time.

[18:20:37] Submitting job for optimization index 271...
# Setting queue to: p2
# Set walltime to default (3600 s).
# Error: you cannot have more than 200 jobs waiting in the queue at the same time.

[18:20:37] Submitting job for optimization index 272...
# Setting queue to: p2
# Set walltime to default (3600 s).
# Error: you cannot have more than 200 jobs waiting in the queue at the same time.

[18:20:37] Submitting job for optimization index 273...
# Setting queue to: p2
# Set walltime to default (3600 s).
# Error: you cannot have more than 200 jobs waiting in the queue at the same time.

[18:20:38] Submitting job for optimization index 274...
# Setting queue to: p2
# Set walltime to default (3600 s).
# Error: you cannot have more than 200 jobs waiting in the queue at the same time.

[18:20:38] Submitting job for optimization index 275...
# Setting queue to: p2
# Set walltime to default (3600 s).
# Error: you cannot have more than 200 jobs waiting in the queue at the same time.

[18:20:38] Submitting job for optimization index 276...
# Setting queue to: p2
# Set walltime to default (3600 s).
# Error: you cannot have more than 200 jobs waiting in the queue at the same time.

[18:20:39] Submitting job for optimization index 277...
# Setting queue to: p2
# Set walltime to default (3600 s).
# Error: you cannot have more than 200 jobs waiting in the queue at the same time.

[18:20:39] Submitting job for optimization index 278...
# Setting queue to: p2
# Set walltime to default (3600 s).
OAR_JOB_ID=1209582
[18:20:39] Submitting job for optimization index 279...
# Setting queue to: p2
# Set walltime to default (3600 s).
OAR_JOB_ID=1209584
[18:20:40] Submitting job for optimization index 280...
# Setting queue to: p2
# Set walltime to default (3600 s).
# Error: you cannot have more than 200 jobs waiting in the queue at the same time.

[18:20:40] Submitting job for optimization index 281...
# Setting queue to: p2
# Set walltime to default (3600 s).
# Error: you cannot have more than 200 jobs waiting in the queue at the same time.

[18:20:40] Submitting job for optimization index 282...
# Setting queue to: p2
# Set walltime to default (3600 s).
# Error: you cannot have more than 200 jobs waiting in the queue at the same time.

[18:20:41] Submitting job for optimization index 283...
# Setting queue to: p2
# Set walltime to default (3600 s).
# Error: you cannot have more than 200 jobs waiting in the queue at the same time.

[18:20:41] Submitting job for optimization index 284...
# Setting queue to: p2
# Set walltime to default (3600 s).
# Error: you cannot have more than 200 jobs waiting in the queue at the same time.

[18:20:41] Submitting job for optimization index 285...
# Setting queue to: p2
# Set walltime to default (3600 s).
# Error: you cannot have more than 200 jobs waiting in the queue at the same time.

[18:20:41] Submitting job for optimization index 286...
# Setting queue to: p2
# Set walltime to default (3600 s).
# Error: you cannot have more than 200 jobs waiting in the queue at the same time.

[18:20:42] Submitting job for optimization index 287...
# Setting queue to: p2
# Set walltime to default (3600 s).
# Error: you cannot have more than 200 jobs waiting in the queue at the same time.

[18:20:42] Submitting job for optimization index 288...
# Setting queue to: p2
# Set walltime to default (3600 s).
# Error: you cannot have more than 200 jobs waiting in the queue at the same time.

[18:20:42] Submitting job for optimization index 289...
# Setting queue to: p2
# Set walltime to default (3600 s).
# Error: you cannot have more than 200 jobs waiting in the queue at the same time.

[18:20:43] Submitting job for optimization index 290...
# Setting queue to: p2
# Set walltime to default (3600 s).
# Error: you cannot have more than 200 jobs waiting in the queue at the same time.

[18:20:43] Submitting job for optimization index 291...
# Setting queue to: p2
# Set walltime to default (3600 s).
# Error: you cannot have more than 200 jobs waiting in the queue at the same time.

[18:20:43] Submitting job for optimization index 292...
# Setting queue to: p2
# Set walltime to default (3600 s).
# Error: you cannot have more than 200 jobs waiting in the queue at the same time.

[18:20:44] Submitting job for optimization index 293...
# Setting queue to: p2
# Set walltime to default (3600 s).
# Error: you cannot have more than 200 jobs waiting in the queue at the same time.

[18:20:44] Submitting job for optimization index 294...
# Setting queue to: p2
# Set walltime to default (3600 s).
# Error: you cannot have more than 200 jobs waiting in the queue at the same time.

[18:20:44] Submitting job for optimization index 295...
# Setting queue to: p2
# Set walltime to default (3600 s).
# Error: you cannot have more than 200 jobs waiting in the queue at the same time.

[18:20:44] Submitting job for optimization index 296...
# Setting queue to: p2
# Set walltime to default (3600 s).
# Error: you cannot have more than 200 jobs waiting in the queue at the same time.

[18:20:45] Submitting job for optimization index 297...
# Setting queue to: p2
# Set walltime to default (3600 s).
# Error: you cannot have more than 200 jobs waiting in the queue at the same time.

[18:20:45] Submitting job for optimization index 298...
# Setting queue to: p2
# Set walltime to default (3600 s).
# Error: you cannot have more than 200 jobs waiting in the queue at the same time.

[18:20:45] Submitting job for optimization index 299...
# Setting queue to: p2
# Set walltime to default (3600 s).
# Error: you cannot have more than 200 jobs waiting in the queue at the same time.

[18:20:46] Submitting job for optimization index 300...
# Setting queue to: p2
# Set walltime to default (3600 s).
# Error: you cannot have more than 200 jobs waiting in the queue at the same time.

[18:20:46] Sleeping for a while to let jobs clear from the queue.
[18:25:46] Submitting job for optimization index 301...
# Setting queue to: p2
# Set walltime to default (3600 s).
OAR_JOB_ID=1209623
[18:25:46] Submitting job for optimization index 302...
# Setting queue to: p2
# Set walltime to default (3600 s).
OAR_JOB_ID=1209624
[18:25:47] Submitting job for optimization index 303...
# Setting queue to: p2
# Set walltime to default (3600 s).
OAR_JOB_ID=1209625
[18:25:47] Submitting job for optimization index 304...
# Setting queue to: p2
# Set walltime to default (3600 s).
OAR_JOB_ID=1209626
[18:25:47] Submitting job for optimization index 305...
# Setting queue to: p2
# Set walltime to default (3600 s).
OAR_JOB_ID=1209627
[18:25:48] Submitting job for optimization index 306...
# Setting queue to: p2
# Set walltime to default (3600 s).
OAR_JOB_ID=1209628
[18:25:48] Submitting job for optimization index 307...
# Setting queue to: p2
# Set walltime to default (3600 s).
OAR_JOB_ID=1209629
[18:25:49] Submitting job for optimization index 308...
# Setting queue to: p2
# Set walltime to default (3600 s).
OAR_JOB_ID=1209630
[18:25:49] Submitting job for optimization index 309...
# Setting queue to: p2
# Set walltime to default (3600 s).
OAR_JOB_ID=1209631
[18:25:49] Submitting job for optimization index 310...
# Setting queue to: p2
# Set walltime to default (3600 s).
OAR_JOB_ID=1209632
[18:25:50] Submitting job for optimization index 311...
# Setting queue to: p2
# Set walltime to default (3600 s).
OAR_JOB_ID=1209633
[18:25:50] Submitting job for optimization index 312...
# Setting queue to: p2
# Set walltime to default (3600 s).
OAR_JOB_ID=1209634
[18:25:51] Submitting job for optimization index 313...
# Setting queue to: p2
# Set walltime to default (3600 s).
OAR_JOB_ID=1209635
[18:25:51] Submitting job for optimization index 314...
# Setting queue to: p2
# Set walltime to default (3600 s).
OAR_JOB_ID=1209636
[18:25:51] Submitting job for optimization index 315...
# Setting queue to: p2
# Set walltime to default (3600 s).
OAR_JOB_ID=1209637
[18:25:52] Submitting job for optimization index 316...
# Setting queue to: p2
# Set walltime to default (3600 s).
OAR_JOB_ID=1209638
[18:25:52] Submitting job for optimization index 317...
# Setting queue to: p2
# Set walltime to default (3600 s).
OAR_JOB_ID=1209639
[18:25:52] Submitting job for optimization index 318...
# Setting queue to: p2
# Set walltime to default (3600 s).
OAR_JOB_ID=1209640
[18:25:53] Submitting job for optimization index 319...
# Setting queue to: p2
# Set walltime to default (3600 s).
OAR_JOB_ID=1209641
[18:25:53] Submitting job for optimization index 320...
# Setting queue to: p2
# Set walltime to default (3600 s).
OAR_JOB_ID=1209642
[18:25:53] Submitting job for optimization index 321...
# Setting queue to: p2
# Set walltime to default (3600 s).
OAR_JOB_ID=1209643
[18:25:54] Submitting job for optimization index 322...
# Setting queue to: p2
# Set walltime to default (3600 s).
OAR_JOB_ID=1209644
[18:25:54] Submitting job for optimization index 323...
# Setting queue to: p2
# Set walltime to default (3600 s).
OAR_JOB_ID=1209645
[18:25:55] Submitting job for optimization index 324...
# Setting queue to: p2
# Set walltime to default (3600 s).
OAR_JOB_ID=1209646
[18:25:55] Submitting job for optimization index 325...
# Setting queue to: p2
# Set walltime to default (3600 s).
OAR_JOB_ID=1209647
[18:25:55] Submitting job for optimization index 326...
# Setting queue to: p2
# Set walltime to default (3600 s).
OAR_JOB_ID=1209648
[18:25:56] Submitting job for optimization index 327...
# Setting queue to: p2
# Set walltime to default (3600 s).
OAR_JOB_ID=1209649
[18:25:56] Submitting job for optimization index 328...
# Setting queue to: p2
# Set walltime to default (3600 s).
OAR_JOB_ID=1209650
[18:25:56] Submitting job for optimization index 329...
# Setting queue to: p2
# Set walltime to default (3600 s).
OAR_JOB_ID=1209651
[18:25:57] Submitting job for optimization index 330...
# Setting queue to: p2
# Set walltime to default (3600 s).
OAR_JOB_ID=1209652
# Setting queue to: p2
# Set walltime to default (3600 s).
OAR_JOB_ID=1209653
All optimization jobs submitted.
